# JRE version: Java(TM) SE Runtime Environment (8.0_131-b11) (build 1.8.0_131-b11)
# Java VM: Java HotSpot(TM) 64-Bit Server VM (25.131-b11 mixed mode linux-amd64 compressed oops)
Heap:
 PSYoungGen      total 553472K, used 40928K [0x000000076ab00000, 0x000000078f300000, 0x00000007c0000000)
  eden space 512512K, 0% used [0x000000076ab00000,0x000000076ab00000,0x0000000789f80000)
  from space 40960K, 99% used [0x0000000789f80000,0x000000078c778010,0x000000078c780000)
  to   space 37376K, 0% used [0x000000078c780000,0x000000078c780000,0x000000078ec00000)
 ParOldGen       total 171008K, used 79136K [0x00000006c0000000, 0x00000006ca700000, 0x000000076ab00000)
  object space 171008K, 46% used [0x00000006c0000000,0x00000006c4d480b0,0x00000006ca700000)
 Metaspace       used 4880K, capacity 4980K, committed 5248K, reserved 1056768K
  class space    used 542K, capacity 593K, committed 640K, reserved 1048576K
GC Heap History (10 events):
Event: 1.837 GC heap after
Heap after GC invocations=2 (full 0):
 PSYoungGen      total 139264K, used 10208K [0x000000076ab00000, 0x0000000773d00000, 0x00000007c0000000)
  eden space 129024K, 0% used [0x000000076ab00000,0x000000076ab00000,0x0000000772900000)
  from space 10240K, 99% used [0x0000000773300000,0x0000000773cf8030,0x0000000773d00000)
  to   space 10240K, 0% used [0x0000000772900000,0x0000000772900000,0x0000000773300000)
 ParOldGen       total 171008K, used 2144K [0x00000006c0000000, 0x00000006ca700000, 0x000000076ab00000)
  object space 171008K, 1% used [0x00000006c0000000,0x00000006c0218000,0x00000006ca700000)
 Metaspace       used 4856K, capacity 4976K, committed 5248K, reserved 1056768K
  class space    used 542K, capacity 593K, committed 640K, reserved 1048576K
}
Event: 2.217 GC heap before
{Heap before GC invocations=3 (full 0):
 PSYoungGen      total 139264K, used 139232K [0x000000076ab00000, 0x0000000773d00000, 0x00000007c0000000)
  eden space 129024K, 100% used [0x000000076ab00000,0x0000000772900000,0x0000000772900000)
  from space 10240K, 99% used [0x0000000773300000,0x0000000773cf8030,0x0000000773d00000)
  to   space 10240K, 0% used [0x0000000772900000,0x0000000772900000,0x0000000773300000)
 ParOldGen       total 171008K, used 2144K [0x00000006c0000000, 0x00000006ca700000, 0x000000076ab00000)
  object space 171008K, 1% used [0x00000006c0000000,0x00000006c0218000,0x00000006ca700000)
 Metaspace       used 4879K, capacity 4980K, committed 5248K, reserved 1056768K
  class space    used 542K, capacity 593K, committed 640K, reserved 1048576K
Event: 2.305 GC heap after
Heap after GC invocations=3 (full 0):
 PSYoungGen      total 139264K, used 10224K [0x000000076ab00000, 0x000000077bb00000, 0x00000007c0000000)
  eden space 129024K, 0% used [0x000000076ab00000,0x000000076ab00000,0x0000000772900000)
  from space 10240K, 99% used [0x0000000772900000,0x00000007732fc020,0x0000000773300000)
  to   space 10240K, 0% used [0x000000077b100000,0x000000077b100000,0x000000077bb00000)
 ParOldGen       total 171008K, used 13520K [0x00000006c0000000, 0x00000006ca700000, 0x000000076ab00000)
  object space 171008K, 7% used [0x00000006c0000000,0x00000006c0d34000,0x00000006ca700000)
 Metaspace       used 4879K, capacity 4980K, committed 5248K, reserved 1056768K
  class space    used 542K, capacity 593K, committed 640K, reserved 1048576K
}
Event: 2.580 GC heap before
{Heap before GC invocations=4 (full 0):
 PSYoungGen      total 139264K, used 139248K [0x000000076ab00000, 0x000000077bb00000, 0x00000007c0000000)
  eden space 129024K, 100% used [0x000000076ab00000,0x0000000772900000,0x0000000772900000)
  from space 10240K, 99% used [0x0000000772900000,0x00000007732fc020,0x0000000773300000)
  to   space 10240K, 0% used [0x000000077b100000,0x000000077b100000,0x000000077bb00000)
 ParOldGen       total 171008K, used 13520K [0x00000006c0000000, 0x00000006ca700000, 0x000000076ab00000)
  object space 171008K, 7% used [0x00000006c0000000,0x00000006c0d34000,0x00000006ca700000)
 Metaspace       used 4880K, capacity 4980K, committed 5248K, reserved 1056768K
  class space    used 542K, capacity 593K, committed 640K, reserved 1048576K
Event: 2.649 GC heap after
Heap after GC invocations=4 (full 0):
 PSYoungGen      total 268288K, used 10224K [0x000000076ab00000, 0x000000077bb00000, 0x00000007c0000000)
  eden space 258048K, 0% used [0x000000076ab00000,0x000000076ab00000,0x000000077a700000)
  from space 10240K, 99% used [0x000000077b100000,0x000000077bafc020,0x000000077bb00000)
  to   space 10240K, 0% used [0x000000077a700000,0x000000077a700000,0x000000077b100000)
 ParOldGen       total 171008K, used 24816K [0x00000006c0000000, 0x00000006ca700000, 0x000000076ab00000)
  object space 171008K, 14% used [0x00000006c0000000,0x00000006c183c000,0x00000006ca700000)
 Metaspace       used 4880K, capacity 4980K, committed 5248K, reserved 1056768K
  class space    used 542K, capacity 593K, committed 640K, reserved 1048576K
}
Event: 3.227 GC heap before
{Heap before GC invocations=5 (full 0):
 PSYoungGen      total 268288K, used 268272K [0x000000076ab00000, 0x000000077bb00000, 0x00000007c0000000)
  eden space 258048K, 100% used [0x000000076ab00000,0x000000077a700000,0x000000077a700000)
  from space 10240K, 99% used [0x000000077b100000,0x000000077bafc020,0x000000077bb00000)
  to   space 10240K, 0% used [0x000000077a700000,0x000000077a700000,0x000000077b100000)
 ParOldGen       total 171008K, used 24816K [0x00000006c0000000, 0x00000006ca700000, 0x000000076ab00000)
  object space 171008K, 14% used [0x00000006c0000000,0x00000006c183c000,0x00000006ca700000)
 Metaspace       used 4880K, capacity 4980K, committed 5248K, reserved 1056768K
  class space    used 542K, capacity 593K, committed 640K, reserved 1048576K
Event: 3.321 GC heap after
Heap after GC invocations=5 (full 0):
 PSYoungGen      total 268288K, used 10224K [0x000000076ab00000, 0x000000078ec00000, 0x00000007c0000000)
  eden space 258048K, 0% used [0x000000076ab00000,0x000000076ab00000,0x000000077a700000)
  from space 10240K, 99% used [0x000000077a700000,0x000000077b0fc010,0x000000077b100000)
  to   space 37376K, 0% used [0x000000078c780000,0x000000078c780000,0x000000078ec00000)
 ParOldGen       total 171008K, used 46840K [0x00000006c0000000, 0x00000006ca700000, 0x000000076ab00000)
  object space 171008K, 27% used [0x00000006c0000000,0x00000006c2dbe090,0x00000006ca700000)
 Metaspace       used 4880K, capacity 4980K, committed 5248K, reserved 1056768K
  class space    used 542K, capacity 593K, committed 640K, reserved 1048576K
}
Event: 3.919 GC heap before
{Heap before GC invocations=6 (full 0):
 PSYoungGen      total 268288K, used 268272K [0x000000076ab00000, 0x000000078ec00000, 0x00000007c0000000)
  eden space 258048K, 100% used [0x000000076ab00000,0x000000077a700000,0x000000077a700000)
  from space 10240K, 99% used [0x000000077a700000,0x000000077b0fc010,0x000000077b100000)
  to   space 37376K, 0% used [0x000000078c780000,0x000000078c780000,0x000000078ec00000)
 ParOldGen       total 171008K, used 46840K [0x00000006c0000000, 0x00000006ca700000, 0x000000076ab00000)
  object space 171008K, 27% used [0x00000006c0000000,0x00000006c2dbe090,0x00000006ca700000)
 Metaspace       used 4880K, capacity 4980K, committed 5248K, reserved 1056768K
  class space    used 542K, capacity 593K, committed 640K, reserved 1048576K
Event: 4.045 GC heap after
Heap after GC invocations=6 (full 0):
 PSYoungGen      total 549888K, used 30560K [0x000000076ab00000, 0x000000078f300000, 0x00000007c0000000)
  eden space 512512K, 0% used [0x000000076ab00000,0x000000076ab00000,0x0000000789f80000)
  from space 37376K, 81% used [0x000000078c780000,0x000000078e558000,0x000000078ec00000)
  to   space 40960K, 0% used [0x0000000789f80000,0x0000000789f80000,0x000000078c780000)
 ParOldGen       total 171008K, used 46840K [0x00000006c0000000, 0x00000006ca700000, 0x000000076ab00000)
  object space 171008K, 27% used [0x00000006c0000000,0x00000006c2dbe090,0x00000006ca700000)
 Metaspace       used 4880K, capacity 4980K, committed 5248K, reserved 1056768K
  class space    used 542K, capacity 593K, committed 640K, reserved 1048576K
}
Event: 5.488 GC heap before
{Heap before GC invocations=7 (full 0):
 PSYoungGen      total 549888K, used 543072K [0x000000076ab00000, 0x000000078f300000, 0x00000007c0000000)
  eden space 512512K, 100% used [0x000000076ab00000,0x0000000789f80000,0x0000000789f80000)
  from space 37376K, 81% used [0x000000078c780000,0x000000078e558000,0x000000078ec00000)
  to   space 40960K, 0% used [0x0000000789f80000,0x0000000789f80000,0x000000078c780000)
 ParOldGen       total 171008K, used 46840K [0x00000006c0000000, 0x00000006ca700000, 0x000000076ab00000)
  object space 171008K, 27% used [0x00000006c0000000,0x00000006c2dbe090,0x00000006ca700000)
 Metaspace       used 4880K, capacity 4980K, committed 5248K, reserved 1056768K
  class space    used 542K, capacity 593K, committed 640K, reserved 1048576K

