# JRE version: Java(TM) SE Runtime Environment (8.0_131-b11) (build 1.8.0_131-b11)
# Java VM: Java HotSpot(TM) 64-Bit Server VM (25.131-b11 mixed mode linux-amd64 compressed oops)
Heap:
 PSYoungGen      total 1088512K, used 54694K [0x000000076ce00000, 0x00000007c0000000, 0x00000007c0000000)
  eden space 1007104K, 0% used [0x000000076ce00000,0x000000076ce00000,0x00000007aa580000)
  from space 81408K, 67% used [0x00000007aa580000,0x00000007adae9ab8,0x00000007af500000)
  to   space 116736K, 0% used [0x00000007b8e00000,0x00000007b8e00000,0x00000007c0000000)
 ParOldGen       total 171008K, used 170508K [0x00000006c6a00000, 0x00000006d1100000, 0x000000076ce00000)
  object space 171008K, 99% used [0x00000006c6a00000,0x00000006d1083348,0x00000006d1100000)
 Metaspace       used 4889K, capacity 5028K, committed 5248K, reserved 1056768K
  class space    used 542K, capacity 593K, committed 640K, reserved 1048576K
GC Heap History (10 events):
Event: 3.537 GC heap after
Heap after GC invocations=5 (full 0):
 PSYoungGen      total 268288K, used 10208K [0x000000076ce00000, 0x0000000790f00000, 0x00000007c0000000)
  eden space 258048K, 0% used [0x000000076ce00000,0x000000076ce00000,0x000000077ca00000)
  from space 10240K, 99% used [0x000000077ca00000,0x000000077d3f8010,0x000000077d400000)
  to   space 37376K, 0% used [0x000000078ea80000,0x000000078ea80000,0x0000000790f00000)
 ParOldGen       total 171008K, used 46872K [0x00000006c6a00000, 0x00000006d1100000, 0x000000076ce00000)
  object space 171008K, 27% used [0x00000006c6a00000,0x00000006c97c6080,0x00000006d1100000)
 Metaspace       used 4889K, capacity 5028K, committed 5248K, reserved 1056768K
  class space    used 542K, capacity 593K, committed 640K, reserved 1048576K
}
Event: 4.066 GC heap before
{Heap before GC invocations=6 (full 0):
 PSYoungGen      total 268288K, used 268256K [0x000000076ce00000, 0x0000000790f00000, 0x00000007c0000000)
  eden space 258048K, 100% used [0x000000076ce00000,0x000000077ca00000,0x000000077ca00000)
  from space 10240K, 99% used [0x000000077ca00000,0x000000077d3f8010,0x000000077d400000)
  to   space 37376K, 0% used [0x000000078ea80000,0x000000078ea80000,0x0000000790f00000)
 ParOldGen       total 171008K, used 46872K [0x00000006c6a00000, 0x00000006d1100000, 0x000000076ce00000)
  object space 171008K, 27% used [0x00000006c6a00000,0x00000006c97c6080,0x00000006d1100000)
 Metaspace       used 4889K, capacity 5028K, committed 5248K, reserved 1056768K
  class space    used 542K, capacity 593K, committed 640K, reserved 1048576K
Event: 4.179 GC heap after
Heap after GC invocations=6 (full 0):
 PSYoungGen      total 549888K, used 30560K [0x000000076ce00000, 0x0000000791600000, 0x00000007c0000000)
  eden space 512512K, 0% used [0x000000076ce00000,0x000000076ce00000,0x000000078c280000)
  from space 37376K, 81% used [0x000000078ea80000,0x0000000790858010,0x0000000790f00000)
  to   space 40960K, 0% used [0x000000078c280000,0x000000078c280000,0x000000078ea80000)
 ParOldGen       total 171008K, used 46872K [0x00000006c6a00000, 0x00000006d1100000, 0x000000076ce00000)
  object space 171008K, 27% used [0x00000006c6a00000,0x00000006c97c6080,0x00000006d1100000)
 Metaspace       used 4889K, capacity 5028K, committed 5248K, reserved 1056768K
  class space    used 542K, capacity 593K, committed 640K, reserved 1048576K
}
Event: 5.805 GC heap before
{Heap before GC invocations=7 (full 0):
 PSYoungGen      total 549888K, used 543072K [0x000000076ce00000, 0x0000000791600000, 0x00000007c0000000)
  eden space 512512K, 100% used [0x000000076ce00000,0x000000078c280000,0x000000078c280000)
  from space 37376K, 81% used [0x000000078ea80000,0x0000000790858010,0x0000000790f00000)
  to   space 40960K, 0% used [0x000000078c280000,0x000000078c280000,0x000000078ea80000)
 ParOldGen       total 171008K, used 46872K [0x00000006c6a00000, 0x00000006d1100000, 0x000000076ce00000)
  object space 171008K, 27% used [0x00000006c6a00000,0x00000006c97c6080,0x00000006d1100000)
 Metaspace       used 4889K, capacity 5028K, committed 5248K, reserved 1056768K
  class space    used 542K, capacity 593K, committed 640K, reserved 1048576K
Event: 5.974 GC heap after
Heap after GC invocations=7 (full 0):
 PSYoungGen      total 553472K, used 40928K [0x000000076ce00000, 0x00000007b3300000, 0x00000007c0000000)
  eden space 512512K, 0% used [0x000000076ce00000,0x000000076ce00000,0x000000078c280000)
  from space 40960K, 99% used [0x000000078c280000,0x000000078ea78010,0x000000078ea80000)
  to   space 63488K, 0% used [0x00000007af500000,0x00000007af500000,0x00000007b3300000)
 ParOldGen       total 171008K, used 77112K [0x00000006c6a00000, 0x00000006d1100000, 0x000000076ce00000)
  object space 171008K, 45% used [0x00000006c6a00000,0x00000006cb54e0a0,0x00000006d1100000)
 Metaspace       used 4889K, capacity 5028K, committed 5248K, reserved 1056768K
  class space    used 542K, capacity 593K, committed 640K, reserved 1048576K
}
Event: 7.281 GC heap before
{Heap before GC invocations=8 (full 0):
 PSYoungGen      total 553472K, used 553440K [0x000000076ce00000, 0x00000007b3300000, 0x00000007c0000000)
  eden space 512512K, 100% used [0x000000076ce00000,0x000000078c280000,0x000000078c280000)
  from space 40960K, 99% used [0x000000078c280000,0x000000078ea78010,0x000000078ea80000)
  to   space 63488K, 0% used [0x00000007af500000,0x00000007af500000,0x00000007b3300000)
 ParOldGen       total 171008K, used 77112K [0x00000006c6a00000, 0x00000006d1100000, 0x000000076ce00000)
  object space 171008K, 45% used [0x00000006c6a00000,0x00000006cb54e0a0,0x00000006d1100000)
 Metaspace       used 4889K, capacity 5028K, committed 5248K, reserved 1056768K
  class space    used 542K, capacity 593K, committed 640K, reserved 1048576K
Event: 7.493 GC heap after
Heap after GC invocations=8 (full 0):
 PSYoungGen      total 1070592K, used 63456K [0x000000076ce00000, 0x00000007b5600000, 0x00000007c0000000)
  eden space 1007104K, 0% used [0x000000076ce00000,0x000000076ce00000,0x00000007aa580000)
  from space 63488K, 99% used [0x00000007af500000,0x00000007b32f8010,0x00000007b3300000)
  to   space 81408K, 0% used [0x00000007aa580000,0x00000007aa580000,0x00000007af500000)
 ParOldGen       total 171008K, used 91888K [0x00000006c6a00000, 0x00000006d1100000, 0x000000076ce00000)
  object space 171008K, 53% used [0x00000006c6a00000,0x00000006cc3bc0a0,0x00000006d1100000)
 Metaspace       used 4889K, capacity 5028K, committed 5248K, reserved 1056768K
  class space    used 542K, capacity 593K, committed 640K, reserved 1048576K
}
Event: 9.784 GC heap before
{Heap before GC invocations=9 (full 0):
 PSYoungGen      total 1070592K, used 1070560K [0x000000076ce00000, 0x00000007b5600000, 0x00000007c0000000)
  eden space 1007104K, 100% used [0x000000076ce00000,0x00000007aa580000,0x00000007aa580000)
  from space 63488K, 99% used [0x00000007af500000,0x00000007b32f8010,0x00000007b3300000)
  to   space 81408K, 0% used [0x00000007aa580000,0x00000007aa580000,0x00000007af500000)
 ParOldGen       total 171008K, used 91888K [0x00000006c6a00000, 0x00000006d1100000, 0x000000076ce00000)
  object space 171008K, 53% used [0x00000006c6a00000,0x00000006cc3bc0a0,0x00000006d1100000)
 Metaspace       used 4889K, capacity 5028K, committed 5248K, reserved 1056768K
  class space    used 542K, capacity 593K, committed 640K, reserved 1048576K
Event: 10.066 GC heap after
Heap after GC invocations=9 (full 0):
 PSYoungGen      total 1088512K, used 81376K [0x000000076ce00000, 0x00000007c0000000, 0x00000007c0000000)
  eden space 1007104K, 0% used [0x000000076ce00000,0x000000076ce00000,0x00000007aa580000)
  from space 81408K, 99% used [0x00000007aa580000,0x00000007af4f8010,0x00000007af500000)
  to   space 116736K, 0% used [0x00000007b8e00000,0x00000007b8e00000,0x00000007c0000000)
 ParOldGen       total 171008K, used 145060K [0x00000006c6a00000, 0x00000006d1100000, 0x000000076ce00000)
  object space 171008K, 84% used [0x00000006c6a00000,0x00000006cf7a93f8,0x00000006d1100000)
 Metaspace       used 4889K, capacity 5028K, committed 5248K, reserved 1056768K
  class space    used 542K, capacity 593K, committed 640K, reserved 1048576K
}
Event: 10.066 GC heap before
{Heap before GC invocations=10 (full 1):
 PSYoungGen      total 1088512K, used 81376K [0x000000076ce00000, 0x00000007c0000000, 0x00000007c0000000)
  eden space 1007104K, 0% used [0x000000076ce00000,0x000000076ce00000,0x00000007aa580000)
  from space 81408K, 99% used [0x00000007aa580000,0x00000007af4f8010,0x00000007af500000)
  to   space 116736K, 0% used [0x00000007b8e00000,0x00000007b8e00000,0x00000007c0000000)
 ParOldGen       total 171008K, used 145060K [0x00000006c6a00000, 0x00000006d1100000, 0x000000076ce00000)
  object space 171008K, 84% used [0x00000006c6a00000,0x00000006cf7a93f8,0x00000006d1100000)
 Metaspace       used 4889K, capacity 5028K, committed 5248K, reserved 1056768K
  class space    used 542K, capacity 593K, committed 640K, reserved 1048576K

