# JRE version: Java(TM) SE Runtime Environment (8.0_131-b11) (build 1.8.0_131-b11)
# Java VM: Java HotSpot(TM) 64-Bit Server VM (25.131-b11 mixed mode linux-amd64 compressed oops)
Heap:
 PSYoungGen      total 888832K, used 731457K [0x000000076ce00000, 0x00000007c0000000, 0x00000007c0000000)
  eden space 454656K, 96% used [0x000000076ce00000,0x00000007878486d0,0x0000000788a00000)
  from space 434176K, 67% used [0x0000000788a00000,0x000000079aa08010,0x00000007a3200000)
  to   space 453632K, 0% used [0x00000007a4500000,0x00000007a4500000,0x00000007c0000000)
 ParOldGen       total 1976832K, used 1724801K [0x00000006c6a00000, 0x000000073f480000, 0x000000076ce00000)
  object space 1976832K, 87% used [0x00000006c6a00000,0x000000072fe60780,0x000000073f480000)
 Metaspace       used 4875K, capacity 4964K, committed 5248K, reserved 1056768K
  class space    used 545K, capacity 593K, committed 640K, reserved 1048576K
GC Heap History (10 events):
Event: 129.186 GC heap before
{Heap before GC invocations=50 (full 5):
 PSYoungGen      total 908288K, used 545600K [0x000000076ce00000, 0x00000007c0000000, 0x00000007c0000000)
  eden space 454656K, 100% used [0x000000076ce00000,0x0000000788a00000,0x0000000788a00000)
  from space 453632K, 20% used [0x00000007a4500000,0x00000007a9dd0000,0x00000007c0000000)
  to   space 453632K, 0% used [0x0000000788a00000,0x0000000788a00000,0x00000007a4500000)
 ParOldGen       total 1976832K, used 1563682K [0x00000006c6a00000, 0x000000073f480000, 0x000000076ce00000)
  object space 1976832K, 79% used [0x00000006c6a00000,0x0000000726108a80,0x000000073f480000)
 Metaspace       used 4862K, capacity 4964K, committed 5248K, reserved 1056768K
  class space    used 542K, capacity 593K, committed 640K, reserved 1048576K
Event: 129.578 GC heap after
Heap after GC invocations=50 (full 5):
 PSYoungGen      total 908288K, used 60896K [0x000000076ce00000, 0x00000007c0000000, 0x00000007c0000000)
  eden space 454656K, 0% used [0x000000076ce00000,0x000000076ce00000,0x0000000788a00000)
  from space 453632K, 13% used [0x0000000788a00000,0x000000078c578000,0x00000007a4500000)
  to   space 453632K, 0% used [0x00000007a4500000,0x00000007a4500000,0x00000007c0000000)
 ParOldGen       total 1976832K, used 1624274K [0x00000006c6a00000, 0x000000073f480000, 0x000000076ce00000)
  object space 1976832K, 82% used [0x00000006c6a00000,0x0000000729c34a80,0x000000073f480000)
 Metaspace       used 4862K, capacity 4964K, committed 5248K, reserved 1056768K
  class space    used 542K, capacity 593K, committed 640K, reserved 1048576K
}
Event: 130.149 GC heap before
{Heap before GC invocations=51 (full 5):
 PSYoungGen      total 908288K, used 515552K [0x000000076ce00000, 0x00000007c0000000, 0x00000007c0000000)
  eden space 454656K, 100% used [0x000000076ce00000,0x0000000788a00000,0x0000000788a00000)
  from space 453632K, 13% used [0x0000000788a00000,0x000000078c578000,0x00000007a4500000)
  to   space 453632K, 0% used [0x00000007a4500000,0x00000007a4500000,0x00000007c0000000)
 ParOldGen       total 1976832K, used 1624274K [0x00000006c6a00000, 0x000000073f480000, 0x000000076ce00000)
  object space 1976832K, 82% used [0x00000006c6a00000,0x0000000729c34a80,0x000000073f480000)
 Metaspace       used 4862K, capacity 4964K, committed 5248K, reserved 1056768K
  class space    used 542K, capacity 593K, committed 640K, reserved 1048576K
Event: 130.378 GC heap after
Heap after GC invocations=51 (full 5):
 PSYoungGen      total 908288K, used 30528K [0x000000076ce00000, 0x00000007c0000000, 0x00000007c0000000)
  eden space 454656K, 0% used [0x000000076ce00000,0x000000076ce00000,0x0000000788a00000)
  from space 453632K, 6% used [0x00000007a4500000,0x00000007a62d0000,0x00000007c0000000)
  to   space 453632K, 0% used [0x0000000788a00000,0x0000000788a00000,0x00000007a4500000)
 ParOldGen       total 1976832K, used 1685305K [0x00000006c6a00000, 0x000000073f480000, 0x000000076ce00000)
  object space 1976832K, 85% used [0x00000006c6a00000,0x000000072d7ce780,0x000000073f480000)
 Metaspace       used 4862K, capacity 4964K, committed 5248K, reserved 1056768K
  class space    used 542K, capacity 593K, committed 640K, reserved 1048576K
}
Event: 131.014 GC heap before
{Heap before GC invocations=52 (full 5):
 PSYoungGen      total 908288K, used 485184K [0x000000076ce00000, 0x00000007c0000000, 0x00000007c0000000)
  eden space 454656K, 100% used [0x000000076ce00000,0x0000000788a00000,0x0000000788a00000)
  from space 453632K, 6% used [0x00000007a4500000,0x00000007a62d0000,0x00000007c0000000)
  to   space 453632K, 0% used [0x0000000788a00000,0x0000000788a00000,0x00000007a4500000)
 ParOldGen       total 1976832K, used 1685305K [0x00000006c6a00000, 0x000000073f480000, 0x000000076ce00000)
  object space 1976832K, 85% used [0x00000006c6a00000,0x000000072d7ce780,0x000000073f480000)
 Metaspace       used 4875K, capacity 4964K, committed 5248K, reserved 1056768K
  class space    used 545K, capacity 593K, committed 640K, reserved 1048576K
Event: 131.162 GC heap after
Heap after GC invocations=52 (full 5):
 PSYoungGen      total 908288K, used 82752K [0x000000076ce00000, 0x00000007c0000000, 0x00000007c0000000)
  eden space 454656K, 0% used [0x000000076ce00000,0x000000076ce00000,0x0000000788a00000)
  from space 453632K, 18% used [0x0000000788a00000,0x000000078dad0010,0x00000007a4500000)
  to   space 453632K, 0% used [0x00000007a4500000,0x00000007a4500000,0x00000007c0000000)
 ParOldGen       total 1976832K, used 1715857K [0x00000006c6a00000, 0x000000073f480000, 0x000000076ce00000)
  object space 1976832K, 86% used [0x00000006c6a00000,0x000000072f5a4780,0x000000073f480000)
 Metaspace       used 4875K, capacity 4964K, committed 5248K, reserved 1056768K
  class space    used 545K, capacity 593K, committed 640K, reserved 1048576K
}
Event: 131.941 GC heap before
{Heap before GC invocations=53 (full 5):
 PSYoungGen      total 908288K, used 537408K [0x000000076ce00000, 0x00000007c0000000, 0x00000007c0000000)
  eden space 454656K, 100% used [0x000000076ce00000,0x0000000788a00000,0x0000000788a00000)
  from space 453632K, 18% used [0x0000000788a00000,0x000000078dad0010,0x00000007a4500000)
  to   space 453632K, 0% used [0x00000007a4500000,0x00000007a4500000,0x00000007c0000000)
 ParOldGen       total 1976832K, used 1715857K [0x00000006c6a00000, 0x000000073f480000, 0x000000076ce00000)
  object space 1976832K, 86% used [0x00000006c6a00000,0x000000072f5a4780,0x000000073f480000)
 Metaspace       used 4875K, capacity 4964K, committed 5248K, reserved 1056768K
  class space    used 545K, capacity 593K, committed 640K, reserved 1048576K
Event: 132.050 GC heap after
Heap after GC invocations=53 (full 5):
 PSYoungGen      total 869376K, used 147488K [0x000000076ce00000, 0x00000007bda00000, 0x00000007c0000000)
  eden space 454656K, 0% used [0x000000076ce00000,0x000000076ce00000,0x0000000788a00000)
  from space 414720K, 35% used [0x00000007a4500000,0x00000007ad508010,0x00000007bda00000)
  to   space 434176K, 0% used [0x0000000788a00000,0x0000000788a00000,0x00000007a3200000)
 ParOldGen       total 1976832K, used 1724801K [0x00000006c6a00000, 0x000000073f480000, 0x000000076ce00000)
  object space 1976832K, 87% used [0x00000006c6a00000,0x000000072fe60780,0x000000073f480000)
 Metaspace       used 4875K, capacity 4964K, committed 5248K, reserved 1056768K
  class space    used 545K, capacity 593K, committed 640K, reserved 1048576K
}
Event: 132.416 GC heap before
{Heap before GC invocations=54 (full 5):
 PSYoungGen      total 869376K, used 602144K [0x000000076ce00000, 0x00000007bda00000, 0x00000007c0000000)
  eden space 454656K, 100% used [0x000000076ce00000,0x0000000788a00000,0x0000000788a00000)
  from space 414720K, 35% used [0x00000007a4500000,0x00000007ad508010,0x00000007bda00000)
  to   space 434176K, 0% used [0x0000000788a00000,0x0000000788a00000,0x00000007a3200000)
 ParOldGen       total 1976832K, used 1724801K [0x00000006c6a00000, 0x000000073f480000, 0x000000076ce00000)
  object space 1976832K, 87% used [0x00000006c6a00000,0x000000072fe60780,0x000000073f480000)
 Metaspace       used 4875K, capacity 4964K, committed 5248K, reserved 1056768K
  class space    used 545K, capacity 593K, committed 640K, reserved 1048576K
Event: 132.479 GC heap after
Heap after GC invocations=54 (full 5):
 PSYoungGen      total 888832K, used 294944K [0x000000076ce00000, 0x00000007c0000000, 0x00000007c0000000)
  eden space 454656K, 0% used [0x000000076ce00000,0x000000076ce00000,0x0000000788a00000)
  from space 434176K, 67% used [0x0000000788a00000,0x000000079aa08010,0x00000007a3200000)
  to   space 453632K, 0% used [0x00000007a4500000,0x00000007a4500000,0x00000007c0000000)
 ParOldGen       total 1976832K, used 1724801K [0x00000006c6a00000, 0x000000073f480000, 0x000000076ce00000)
  object space 1976832K, 87% used [0x00000006c6a00000,0x000000072fe60780,0x000000073f480000)
 Metaspace       used 4875K, capacity 4964K, committed 5248K, reserved 1056768K
  class space    used 545K, capacity 593K, committed 640K, reserved 1048576K
}

